TN:
SF:src/add.js
FNF:0
FNH:0
DA:1,1
DA:2,1
DA:3,1
DA:4,1
DA:5,1
DA:6,1
DA:7,1
DA:8,1
DA:9,1
DA:10,1
DA:11,1
DA:12,1
DA:13,1
DA:14,1
DA:15,1
DA:16,1
DA:17,1
DA:18,1
LF:18
LH:18
BRDA:1,0,0,1
BRDA:16,1,0,5
BRF:2
BRH:2
end_of_record
TN:
SF:src/capitalize.js
FN:17,capitalize
FNF:1
FNH:1
FNDA:5,capitalize
DA:1,1
DA:2,1
DA:3,1
DA:4,1
DA:5,1
DA:6,1
DA:7,1
DA:8,1
DA:9,1
DA:10,1
DA:11,1
DA:12,1
DA:13,1
DA:14,1
DA:15,1
DA:16,1
DA:17,1
DA:18,1
DA:19,1
DA:20,1
LF:20
LH:20
BRDA:1,0,0,1
BRDA:17,1,0,5
BRF:2
BRH:2
end_of_record
TN:
SF:src/divide.js
FNF:0
FNH:0
DA:1,1
DA:2,1
DA:3,1
DA:4,1
DA:5,1
DA:6,1
DA:7,1
DA:8,1
DA:9,1
DA:10,1
DA:11,1
DA:12,1
DA:13,1
DA:14,1
DA:15,1
DA:16,1
DA:17,1
DA:18,1
LF:18
LH:18
BRDA:1,0,0,1
BRDA:16,1,0,6
BRF:2
BRH:2
end_of_record
TN:
SF:src/filter.js
FN:24,filter
FNF:1
FNH:1
FNDA:4,filter
DA:1,1
DA:2,1
DA:3,1
DA:4,1
DA:5,1
DA:6,1
DA:7,1
DA:8,1
DA:9,1
DA:10,1
DA:11,1
DA:12,1
DA:13,1
DA:14,1
DA:15,1
DA:16,1
DA:17,1
DA:18,1
DA:19,1
DA:20,1
DA:21,1
DA:22,1
DA:23,1
DA:24,4
DA:25,4
DA:26,4
DA:27,4
DA:28,4
DA:29,4
DA:30,4
DA:31,9
DA:32,9
DA:33,5
DA:34,5
DA:35,9
DA:36,4
DA:37,4
DA:38,1
DA:39,1
LF:39
LH:39
BRDA:1,0,0,1
BRDA:24,1,0,4
BRDA:27,2,0,0
BRDA:30,3,0,9
BRDA:32,4,0,5
BRF:5
BRH:4
end_of_record
TN:
SF:src/get.js
FN:27,get
FNF:1
FNH:1
FNDA:8,get
DA:1,1
DA:2,1
DA:3,1
DA:4,1
DA:5,1
DA:6,1
DA:7,1
DA:8,1
DA:9,1
DA:10,1
DA:11,1
DA:12,1
DA:13,1
DA:14,1
DA:15,1
DA:16,1
DA:17,1
DA:18,1
DA:19,1
DA:20,1
DA:21,1
DA:22,1
DA:23,1
DA:24,1
DA:25,1
DA:26,1
DA:27,8
DA:28,8
DA:29,8
DA:30,8
DA:31,1
DA:32,1
LF:32
LH:32
BRDA:1,0,0,1
BRDA:27,1,0,8
BRDA:28,2,0,2
BRDA:28,3,0,6
BRDA:29,4,0,6
BRDA:29,5,0,2
BRF:6
BRH:6
end_of_record
TN:
SF:src/isArguments.js
FN:19,isArguments
FNF:1
FNH:1
FNDA:1,isArguments
DA:1,1
DA:2,1
DA:3,1
DA:4,1
DA:5,1
DA:6,1
DA:7,1
DA:8,1
DA:9,1
DA:10,1
DA:11,1
DA:12,1
DA:13,1
DA:14,1
DA:15,1
DA:16,1
DA:17,1
DA:18,1
DA:19,1
DA:20,1
DA:21,1
DA:22,1
DA:23,1
LF:23
LH:23
BRDA:1,0,0,1
BRDA:19,1,0,1
BRDA:20,2,0,0
BRF:3
BRH:2
end_of_record
TN:
SF:src/isArrayLike.js
FN:26,isArrayLike
FNF:1
FNH:1
FNDA:11,isArrayLike
DA:1,1
DA:2,1
DA:3,1
DA:4,1
DA:5,1
DA:6,1
DA:7,1
DA:8,1
DA:9,1
DA:10,1
DA:11,1
DA:12,1
DA:13,1
DA:14,1
DA:15,1
DA:16,1
DA:17,1
DA:18,1
DA:19,1
DA:20,1
DA:21,1
DA:22,1
DA:23,1
DA:24,1
DA:25,1
DA:26,11
DA:27,11
DA:28,11
DA:29,1
DA:30,1
LF:30
LH:30
BRDA:1,0,0,1
BRDA:26,1,0,11
BRDA:27,2,0,10
BRF:3
BRH:3
end_of_record
TN:
SF:src/isBuffer.js
FN:33,isBuffer
FNF:1
FNH:1
FNDA:1,isBuffer
DA:1,1
DA:2,1
DA:3,1
DA:4,1
DA:5,1
DA:6,1
DA:7,1
DA:8,1
DA:9,1
DA:10,1
DA:11,1
DA:12,1
DA:13,1
DA:14,1
DA:15,1
DA:16,1
DA:17,1
DA:18,1
DA:19,1
DA:20,1
DA:21,1
DA:22,1
DA:23,1
DA:24,1
DA:25,1
DA:26,1
DA:27,1
DA:28,1
DA:29,1
DA:30,1
DA:31,1
DA:32,1
DA:33,1
DA:34,1
DA:35,1
LF:35
LH:35
BRDA:1,0,0,1
BRDA:4,1,0,0
BRDA:4,2,0,0
BRDA:4,3,0,0
BRDA:7,4,0,0
BRDA:7,5,0,0
BRDA:7,6,0,0
BRDA:7,7,0,0
BRDA:10,8,0,0
BRDA:13,9,0,0
BRDA:16,10,0,0
BRDA:33,11,0,1
BRF:12
BRH:2
end_of_record
TN:
SF:src/isLength.js
FN:28,isLength
FNF:1
FNH:1
FNDA:10,isLength
DA:1,1
DA:2,1
DA:3,1
DA:4,1
DA:5,1
DA:6,1
DA:7,1
DA:8,1
DA:9,1
DA:10,1
DA:11,1
DA:12,1
DA:13,1
DA:14,1
DA:15,1
DA:16,1
DA:17,1
DA:18,1
DA:19,1
DA:20,1
DA:21,1
DA:22,1
DA:23,1
DA:24,1
DA:25,1
DA:26,1
DA:27,1
DA:28,10
DA:29,10
DA:30,10
DA:31,10
DA:32,1
DA:33,1
LF:33
LH:33
BRDA:1,0,0,1
BRDA:28,1,0,10
BRDA:29,2,0,4
BRDA:30,3,0,4
BRDA:30,4,0,4
BRF:5
BRH:5
end_of_record
TN:
SF:src/isObject.js
FN:24,isObject
FNF:1
FNH:1
FNDA:17,isObject
DA:1,1
DA:2,1
DA:3,1
DA:4,1
DA:5,1
DA:6,1
DA:7,1
DA:8,1
DA:9,1
DA:10,1
DA:11,1
DA:12,1
DA:13,1
DA:14,1
DA:15,1
DA:16,1
DA:17,1
DA:18,1
DA:19,1
DA:20,1
DA:21,1
DA:22,1
DA:23,1
DA:24,17
DA:25,17
DA:26,17
DA:27,17
DA:28,1
DA:29,1
LF:29
LH:29
BRDA:1,0,0,1
BRDA:24,1,0,17
BRDA:26,2,0,15
BRDA:26,3,0,11
BRF:4
BRH:4
end_of_record
TN:
SF:src/isObjectLike.js
FN:23,isObjectLike
FNF:1
FNH:1
FNDA:2,isObjectLike
DA:1,1
DA:2,1
DA:3,1
DA:4,1
DA:5,1
DA:6,1
DA:7,1
DA:8,1
DA:9,1
DA:10,1
DA:11,1
DA:12,1
DA:13,1
DA:14,1
DA:15,1
DA:16,1
DA:17,1
DA:18,1
DA:19,1
DA:20,1
DA:21,1
DA:22,1
DA:23,2
DA:24,2
DA:25,2
DA:26,1
DA:27,1
LF:27
LH:27
BRDA:1,0,0,1
BRDA:23,1,0,2
BRDA:24,2,0,0
BRF:3
BRH:2
end_of_record
TN:
SF:src/isSymbol.js
FN:18,isSymbol
FNF:1
FNH:1
FNDA:12,isSymbol
DA:1,1
DA:2,1
DA:3,1
DA:4,1
DA:5,1
DA:6,1
DA:7,1
DA:8,1
DA:9,1
DA:10,1
DA:11,1
DA:12,1
DA:13,1
DA:14,1
DA:15,1
DA:16,1
DA:17,1
DA:18,12
DA:19,12
DA:20,12
DA:21,12
DA:22,1
DA:23,1
LF:23
LH:23
BRDA:1,0,0,1
BRDA:18,1,0,12
BRDA:20,2,0,1
BRDA:20,3,0,1
BRF:4
BRH:4
end_of_record
TN:
SF:src/isTypedArray.js
FN:28,isTypedArray
FNF:1
FNH:1
FNDA:1,isTypedArray
DA:1,1
DA:2,1
DA:3,1
DA:4,1
DA:5,1
DA:6,1
DA:7,1
DA:8,1
DA:9,1
DA:10,1
DA:11,1
DA:12,1
DA:13,1
DA:14,1
DA:15,1
DA:16,1
DA:17,1
DA:18,1
DA:19,1
DA:20,1
DA:21,1
DA:22,1
DA:23,1
DA:24,1
DA:25,1
DA:26,1
DA:27,1
DA:28,1
DA:29,1
DA:30,1
LF:30
LH:30
BRDA:1,0,0,1
BRDA:9,1,0,0
BRDA:27,2,0,0
BRDA:28,3,0,1
BRDA:28,4,0,0
BRF:5
BRH:2
end_of_record
TN:
SF:src/keys.js
FN:31,keys
FNF:1
FNH:1
FNDA:6,keys
DA:1,1
DA:2,1
DA:3,1
DA:4,1
DA:5,1
DA:6,1
DA:7,1
DA:8,1
DA:9,1
DA:10,1
DA:11,1
DA:12,1
DA:13,1
DA:14,1
DA:15,1
DA:16,1
DA:17,1
DA:18,1
DA:19,1
DA:20,1
DA:21,1
DA:22,1
DA:23,1
DA:24,1
DA:25,1
DA:26,1
DA:27,1
DA:28,1
DA:29,1
DA:30,1
DA:31,6
DA:32,6
DA:33,6
DA:34,6
DA:35,6
DA:36,1
DA:37,1
DA:38,1
DA:39,1
LF:39
LH:39
BRDA:1,0,0,1
BRDA:31,1,0,6
BRDA:33,2,0,1
BRDA:34,3,0,5
BRF:4
BRH:4
end_of_record
TN:
SF:src/memoize.js
FN:43,memoize
FN:47,memoized
FNF:2
FNH:2
FNDA:1,memoize
FNDA:4,memoized
DA:1,1
DA:2,1
DA:3,1
DA:4,1
DA:5,1
DA:6,1
DA:7,1
DA:8,1
DA:9,1
DA:10,1
DA:11,1
DA:12,1
DA:13,1
DA:14,1
DA:15,1
DA:16,1
DA:17,1
DA:18,1
DA:19,1
DA:20,1
DA:21,1
DA:22,1
DA:23,1
DA:24,1
DA:25,1
DA:26,1
DA:27,1
DA:28,1
DA:29,1
DA:30,1
DA:31,1
DA:32,1
DA:33,1
DA:34,1
DA:35,1
DA:36,1
DA:37,1
DA:38,1
DA:39,1
DA:40,1
DA:41,1
DA:42,1
DA:43,1
DA:44,1
DA:45,0
DA:46,0
DA:47,1
DA:48,4
DA:49,4
DA:50,4
DA:51,4
DA:52,1
DA:53,1
DA:54,3
DA:55,4
DA:56,4
DA:57,4
DA:58,1
DA:59,1
DA:60,1
DA:61,1
DA:62,1
DA:63,1
DA:64,1
LF:64
LH:62
BRDA:1,0,0,1
BRDA:43,1,0,1
BRDA:44,2,0,0
BRDA:58,3,0,0
BRDA:47,4,0,4
BRDA:48,5,0,0
BRDA:51,6,0,1
BRDA:54,7,0,3
BRDA:55,8,0,0
BRF:9
BRH:5
end_of_record
TN:
SF:src/slice.js
FN:21,slice
FNF:1
FNH:0
FNDA:0,slice
DA:1,1
DA:2,1
DA:3,1
DA:4,1
DA:5,1
DA:6,1
DA:7,1
DA:8,1
DA:9,1
DA:10,1
DA:11,1
DA:12,1
DA:13,1
DA:14,1
DA:15,1
DA:16,1
DA:17,1
DA:18,1
DA:19,1
DA:20,1
DA:21,0
DA:22,0
DA:23,0
DA:24,0
DA:25,0
DA:26,0
DA:27,0
DA:28,0
DA:29,0
DA:30,0
DA:31,0
DA:32,0
DA:33,0
DA:34,0
DA:35,0
DA:36,0
DA:37,0
DA:38,0
DA:39,0
DA:40,0
DA:41,0
DA:42,0
DA:43,0
DA:44,0
DA:45,1
DA:46,1
LF:46
LH:22
BRDA:1,0,0,1
BRF:1
BRH:1
end_of_record
TN:
SF:src/toNumber.js
FN:44,toNumber
FNF:1
FNH:1
FNDA:9,toNumber
DA:1,1
DA:2,1
DA:3,1
DA:4,1
DA:5,1
DA:6,1
DA:7,1
DA:8,1
DA:9,1
DA:10,1
DA:11,1
DA:12,1
DA:13,1
DA:14,1
DA:15,1
DA:16,1
DA:17,1
DA:18,1
DA:19,1
DA:20,1
DA:21,1
DA:22,1
DA:23,1
DA:24,1
DA:25,1
DA:26,1
DA:27,1
DA:28,1
DA:29,1
DA:30,1
DA:31,1
DA:32,1
DA:33,1
DA:34,1
DA:35,1
DA:36,1
DA:37,1
DA:38,1
DA:39,1
DA:40,1
DA:41,1
DA:42,1
DA:43,1
DA:44,9
DA:45,9
DA:46,2
DA:47,2
DA:48,9
DA:49,0
DA:50,0
DA:51,9
DA:52,2
DA:53,2
DA:54,2
DA:55,9
DA:56,0
DA:57,0
DA:58,7
DA:59,7
DA:60,9
DA:61,9
DA:62,9
DA:63,9
DA:64,1
DA:65,1
LF:65
LH:61
BRDA:1,0,0,1
BRDA:44,1,0,9
BRDA:45,2,0,2
BRDA:48,3,0,7
BRDA:48,4,0,0
BRDA:51,5,0,7
BRDA:51,6,0,2
BRDA:52,7,0,0
BRDA:53,8,0,0
BRDA:55,9,0,7
BRDA:55,10,0,0
BRDA:58,11,0,7
BRDA:61,12,0,0
BRDA:62,13,0,7
BRDA:62,14,0,0
BRF:15
BRH:9
end_of_record
TN:
SF:src/toString.js
FN:25,toString
FNF:1
FNH:1
FNDA:5,toString
DA:1,1
DA:2,1
DA:3,1
DA:4,1
DA:5,1
DA:6,1
DA:7,1
DA:8,1
DA:9,1
DA:10,1
DA:11,1
DA:12,1
DA:13,1
DA:14,1
DA:15,1
DA:16,1
DA:17,1
DA:18,1
DA:19,1
DA:20,1
DA:21,1
DA:22,1
DA:23,1
DA:24,1
DA:25,5
DA:26,5
DA:27,5
DA:28,5
DA:29,4
DA:30,4
DA:31,5
DA:32,0
DA:33,0
DA:34,0
DA:35,5
DA:36,0
DA:37,0
DA:38,1
DA:39,5
DA:40,5
DA:41,1
DA:42,1
LF:42
LH:37
BRDA:1,0,0,1
BRDA:25,1,0,5
BRDA:28,2,0,4
BRDA:31,3,0,1
BRDA:31,4,0,0
BRDA:35,5,0,1
BRDA:35,6,0,0
BRDA:38,7,0,1
BRDA:39,8,0,0
BRDA:39,9,0,0
BRDA:39,10,0,1
BRF:11
BRH:7
end_of_record
TN:
SF:src/upperFirst.js
FNF:0
FNH:0
DA:1,1
DA:2,1
DA:3,1
DA:4,1
DA:5,1
DA:6,1
DA:7,1
DA:8,1
DA:9,1
DA:10,1
DA:11,1
DA:12,1
DA:13,1
DA:14,1
DA:15,1
DA:16,1
DA:17,1
DA:18,1
DA:19,1
DA:20,1
DA:21,1
LF:21
LH:21
BRDA:1,0,0,1
BRF:1
BRH:1
end_of_record
TN:
SF:src/words.js
FN:10,asciiWords
FN:30,words
FNF:2
FNH:2
FNDA:5,asciiWords
FNDA:10,words
DA:1,1
DA:2,1
DA:3,1
DA:4,1
DA:5,1
DA:6,1
DA:7,1
DA:8,1
DA:9,1
DA:10,5
DA:11,5
DA:12,5
DA:13,1
DA:14,1
DA:15,1
DA:16,1
DA:17,1
DA:18,1
DA:19,1
DA:20,1
DA:21,1
DA:22,1
DA:23,1
DA:24,1
DA:25,1
DA:26,1
DA:27,1
DA:28,1
DA:29,1
DA:30,10
DA:31,10
DA:32,9
DA:33,9
DA:34,9
DA:35,10
DA:36,10
DA:37,1
DA:38,1
LF:38
LH:38
BRDA:1,0,0,1
BRDA:10,1,0,5
BRDA:30,2,0,10
BRDA:31,3,0,9
BRDA:32,4,0,4
BRDA:32,5,0,5
BRDA:33,6,0,3
BRDA:35,7,0,1
BRDA:35,8,0,0
BRF:9
BRH:8
end_of_record
